[0.149s] [34mcolcon[0m [1;30mDEBUG[0m [32mCommand line arguments: ['/Users/akko/.local/share/mamba/envs/ros_jazzy_full/bin/colcon', 'build', '--symlink-install'][0m
[0.149s] [34mcolcon[0m [1;30mDEBUG[0m [32mParsed command line arguments: Namespace(log_base=None, log_level=None, verb_name='build', build_base='build', install_base='install', merge_install=False, symlink_install=True, test_result_base=None, continue_on_error=False, executor='parallel', parallel_workers=12, event_handlers=None, ignore_user_meta=False, metas=['./colcon.meta'], base_paths=['.'], packages_ignore=None, packages_ignore_regex=None, paths=None, packages_up_to=None, packages_up_to_regex=None, packages_above=None, packages_above_and_dependencies=None, packages_above_depth=None, packages_select_by_dep=None, packages_skip_by_dep=None, packages_skip_up_to=None, packages_select_build_failed=False, packages_skip_build_finished=False, packages_select_test_failures=False, packages_skip_test_passed=False, packages_select=None, packages_skip=None, packages_select_regex=None, packages_skip_regex=None, packages_start=None, packages_end=None, cmake_args=None, cmake_target=None, cmake_target_skip_unavailable=False, cmake_clean_cache=False, cmake_clean_first=False, cmake_force_configure=False, ament_cmake_args=None, catkin_cmake_args=None, catkin_skip_building_tests=False, verb_parser=<colcon_defaults.argument_parser.defaults.DefaultArgumentsDecorator object at 0x10be240b0>, verb_extension=<colcon_core.verb.build.BuildVerb object at 0x10be0bef0>, main=<bound method BuildVerb.main of <colcon_core.verb.build.BuildVerb object at 0x10be0bef0>>)[0m
[0.186s] [34mcolcon.colcon_core.package_discovery[0m [1;30mLevel 1[0m discover_packages(colcon_meta) check parameters
[0.187s] [34mcolcon.colcon_core.package_discovery[0m [1;30mLevel 1[0m discover_packages(recursive) check parameters
[0.187s] [34mcolcon.colcon_core.package_discovery[0m [1;30mLevel 1[0m discover_packages(ignore) check parameters
[0.187s] [34mcolcon.colcon_core.package_discovery[0m [1;30mLevel 1[0m discover_packages(path) check parameters
[0.187s] [34mcolcon.colcon_core.package_discovery[0m [1;30mLevel 1[0m discover_packages(colcon_meta) discover
[0.187s] [34mcolcon.colcon_core.package_discovery[0m [1;30mLevel 1[0m discover_packages(recursive) discover
[0.187s] [34mcolcon.colcon_core.package_discovery[0m [1;30mINFO[0m Crawling recursively for packages in '/Users/akko/Documents/GitHub/mrs'
[0.187s] [34mcolcon.colcon_core.package_identification[0m [1;30mLevel 1[0m _identify(.) by extensions ['ignore', 'ignore_ament_install']
[0.187s] [34mcolcon.colcon_core.package_identification[0m [1;30mLevel 1[0m _identify(.) by extension 'ignore'
[0.187s] [34mcolcon.colcon_core.package_identification[0m [1;30mLevel 1[0m _identify(.) by extension 'ignore_ament_install'
[0.187s] [34mcolcon.colcon_core.package_identification[0m [1;30mLevel 1[0m _identify(.) by extensions ['colcon_pkg']
[0.187s] [34mcolcon.colcon_core.package_identification[0m [1;30mLevel 1[0m _identify(.) by extension 'colcon_pkg'
[0.187s] [34mcolcon.colcon_core.package_identification[0m [1;30mLevel 1[0m _identify(.) by extensions ['colcon_meta']
[0.187s] [34mcolcon.colcon_core.package_identification[0m [1;30mLevel 1[0m _identify(.) by extension 'colcon_meta'
[0.187s] [34mcolcon.colcon_core.package_identification[0m [1;30mLevel 1[0m _identify(.) by extensions ['ros']
[0.187s] [34mcolcon.colcon_core.package_identification[0m [1;30mLevel 1[0m _identify(.) by extension 'ros'
[0.206s] [34mcolcon.colcon_core.package_identification[0m [1;30mLevel 1[0m _identify(.) by extensions ['cmake', 'python']
[0.207s] [34mcolcon.colcon_core.package_identification[0m [1;30mLevel 1[0m _identify(.) by extension 'cmake'
[0.207s] [34mcolcon.colcon_core.package_identification[0m [1;30mLevel 1[0m _identify(.) by extension 'python'
[0.207s] [34mcolcon.colcon_core.package_identification[0m [1;30mLevel 1[0m _identify(.) by extensions ['python_setup_py']
[0.207s] [34mcolcon.colcon_core.package_identification[0m [1;30mLevel 1[0m _identify(.) by extension 'python_setup_py'
[0.207s] [34mcolcon.colcon_core.package_identification[0m [1;30mLevel 1[0m _identify(build) by extensions ['ignore', 'ignore_ament_install']
[0.207s] [34mcolcon.colcon_core.package_identification[0m [1;30mLevel 1[0m _identify(build) by extension 'ignore'
[0.207s] [34mcolcon.colcon_core.package_identification[0m [1;30mLevel 1[0m _identify(build) ignored
[0.207s] [34mcolcon.colcon_core.package_identification[0m [1;30mLevel 1[0m _identify(install) by extensions ['ignore', 'ignore_ament_install']
[0.207s] [34mcolcon.colcon_core.package_identification[0m [1;30mLevel 1[0m _identify(install) by extension 'ignore'
[0.207s] [34mcolcon.colcon_core.package_identification[0m [1;30mLevel 1[0m _identify(install) ignored
[0.207s] [34mcolcon.colcon_core.package_identification[0m [1;30mLevel 1[0m _identify(log) by extensions ['ignore', 'ignore_ament_install']
[0.207s] [34mcolcon.colcon_core.package_identification[0m [1;30mLevel 1[0m _identify(log) by extension 'ignore'
[0.207s] [34mcolcon.colcon_core.package_identification[0m [1;30mLevel 1[0m _identify(log) ignored
[0.207s] [34mcolcon.colcon_core.package_identification[0m [1;30mLevel 1[0m _identify(src) by extensions ['ignore', 'ignore_ament_install']
[0.207s] [34mcolcon.colcon_core.package_identification[0m [1;30mLevel 1[0m _identify(src) by extension 'ignore'
[0.207s] [34mcolcon.colcon_core.package_identification[0m [1;30mLevel 1[0m _identify(src) by extension 'ignore_ament_install'
[0.207s] [34mcolcon.colcon_core.package_identification[0m [1;30mLevel 1[0m _identify(src) by extensions ['colcon_pkg']
[0.207s] [34mcolcon.colcon_core.package_identification[0m [1;30mLevel 1[0m _identify(src) by extension 'colcon_pkg'
[0.207s] [34mcolcon.colcon_core.package_identification[0m [1;30mLevel 1[0m _identify(src) by extensions ['colcon_meta']
[0.207s] [34mcolcon.colcon_core.package_identification[0m [1;30mLevel 1[0m _identify(src) by extension 'colcon_meta'
[0.207s] [34mcolcon.colcon_core.package_identification[0m [1;30mLevel 1[0m _identify(src) by extensions ['ros']
[0.207s] [34mcolcon.colcon_core.package_identification[0m [1;30mLevel 1[0m _identify(src) by extension 'ros'
[0.207s] [34mcolcon.colcon_core.package_identification[0m [1;30mLevel 1[0m _identify(src) by extensions ['cmake', 'python']
[0.207s] [34mcolcon.colcon_core.package_identification[0m [1;30mLevel 1[0m _identify(src) by extension 'cmake'
[0.207s] [34mcolcon.colcon_core.package_identification[0m [1;30mLevel 1[0m _identify(src) by extension 'python'
[0.207s] [34mcolcon.colcon_core.package_identification[0m [1;30mLevel 1[0m _identify(src) by extensions ['python_setup_py']
[0.207s] [34mcolcon.colcon_core.package_identification[0m [1;30mLevel 1[0m _identify(src) by extension 'python_setup_py'
[0.207s] [34mcolcon.colcon_core.package_identification[0m [1;30mLevel 1[0m _identify(src/diff_robot_sim) by extensions ['ignore', 'ignore_ament_install']
[0.207s] [34mcolcon.colcon_core.package_identification[0m [1;30mLevel 1[0m _identify(src/diff_robot_sim) by extension 'ignore'
[0.207s] [34mcolcon.colcon_core.package_identification[0m [1;30mLevel 1[0m _identify(src/diff_robot_sim) by extension 'ignore_ament_install'
[0.207s] [34mcolcon.colcon_core.package_identification[0m [1;30mLevel 1[0m _identify(src/diff_robot_sim) by extensions ['colcon_pkg']
[0.207s] [34mcolcon.colcon_core.package_identification[0m [1;30mLevel 1[0m _identify(src/diff_robot_sim) by extension 'colcon_pkg'
[0.207s] [34mcolcon.colcon_core.package_identification[0m [1;30mLevel 1[0m _identify(src/diff_robot_sim) by extensions ['colcon_meta']
[0.207s] [34mcolcon.colcon_core.package_identification[0m [1;30mLevel 1[0m _identify(src/diff_robot_sim) by extension 'colcon_meta'
[0.207s] [34mcolcon.colcon_core.package_identification[0m [1;30mLevel 1[0m _identify(src/diff_robot_sim) by extensions ['ros']
[0.207s] [34mcolcon.colcon_core.package_identification[0m [1;30mLevel 1[0m _identify(src/diff_robot_sim) by extension 'ros'
[0.209s] [34mcolcon.colcon_core.package_identification[0m [1;30mDEBUG[0m [32mPackage 'src/diff_robot_sim' with type 'ros.ament_cmake' and name 'diff_robot_sim'[0m
[0.209s] [34mcolcon.colcon_core.package_discovery[0m [1;30mLevel 1[0m discover_packages(recursive) using defaults
[0.209s] [34mcolcon.colcon_core.package_discovery[0m [1;30mLevel 1[0m discover_packages(ignore) discover
[0.209s] [34mcolcon.colcon_core.package_discovery[0m [1;30mLevel 1[0m discover_packages(ignore) using defaults
[0.209s] [34mcolcon.colcon_core.package_discovery[0m [1;30mLevel 1[0m discover_packages(path) discover
[0.210s] [34mcolcon.colcon_core.package_discovery[0m [1;30mLevel 1[0m discover_packages(path) using defaults
[0.221s] [34mcolcon.colcon_core.verb[0m [1;30mLevel 5[0m set package 'diff_robot_sim' build argument 'cmake_args' from command line to 'None'
[0.221s] [34mcolcon.colcon_core.verb[0m [1;30mLevel 5[0m set package 'diff_robot_sim' build argument 'cmake_target' from command line to 'None'
[0.221s] [34mcolcon.colcon_core.verb[0m [1;30mLevel 5[0m set package 'diff_robot_sim' build argument 'cmake_target_skip_unavailable' from command line to 'False'
[0.221s] [34mcolcon.colcon_core.verb[0m [1;30mLevel 5[0m set package 'diff_robot_sim' build argument 'cmake_clean_cache' from command line to 'False'
[0.221s] [34mcolcon.colcon_core.verb[0m [1;30mLevel 5[0m set package 'diff_robot_sim' build argument 'cmake_clean_first' from command line to 'False'
[0.221s] [34mcolcon.colcon_core.verb[0m [1;30mLevel 5[0m set package 'diff_robot_sim' build argument 'cmake_force_configure' from command line to 'False'
[0.221s] [34mcolcon.colcon_core.verb[0m [1;30mLevel 5[0m set package 'diff_robot_sim' build argument 'ament_cmake_args' from command line to 'None'
[0.221s] [34mcolcon.colcon_core.verb[0m [1;30mLevel 5[0m set package 'diff_robot_sim' build argument 'catkin_cmake_args' from command line to 'None'
[0.221s] [34mcolcon.colcon_core.verb[0m [1;30mLevel 5[0m set package 'diff_robot_sim' build argument 'catkin_skip_building_tests' from command line to 'False'
[0.221s] [34mcolcon.colcon_core.verb[0m [1;30mDEBUG[0m [32mBuilding package 'diff_robot_sim' with the following arguments: {'ament_cmake_args': None, 'build_base': '/Users/akko/Documents/GitHub/mrs/build/diff_robot_sim', 'catkin_cmake_args': None, 'catkin_skip_building_tests': False, 'cmake_args': None, 'cmake_clean_cache': False, 'cmake_clean_first': False, 'cmake_force_configure': False, 'cmake_target': None, 'cmake_target_skip_unavailable': False, 'install_base': '/Users/akko/Documents/GitHub/mrs/install/diff_robot_sim', 'merge_install': False, 'path': '/Users/akko/Documents/GitHub/mrs/src/diff_robot_sim', 'symlink_install': True, 'test_result_base': None}[0m
[0.221s] [34mcolcon.colcon_core.executor[0m [1;30mINFO[0m Executing jobs using 'parallel' executor
[0.222s] [34mcolcon.colcon_parallel_executor.executor.parallel[0m [1;30mDEBUG[0m [32mrun_until_complete[0m
[0.222s] [34mcolcon.colcon_ros.task.ament_cmake.build[0m [1;30mINFO[0m Building ROS package in '/Users/akko/Documents/GitHub/mrs/src/diff_robot_sim' with build type 'ament_cmake'
[0.222s] [34mcolcon.colcon_cmake.task.cmake.build[0m [1;30mINFO[0m Building CMake package in '/Users/akko/Documents/GitHub/mrs/src/diff_robot_sim'
[0.223s] [34mcolcon.colcon_core.plugin_system[0m [1;30mINFO[0m Skipping extension 'colcon_core.shell.bat': Not used on non-Windows systems
[0.223s] [34mcolcon.colcon_core.shell[0m [1;30mINFO[0m Skip shell extension 'powershell' for command environment: Not usable outside of PowerShell
[0.224s] [34mcolcon.colcon_core.shell[0m [1;30mDEBUG[0m [32mSkip shell extension 'dsv' for command environment[0m
[0.224s] [34mcolcon.colcon_ros.prefix_path.catkin[0m [1;30mWARNING[0m [33mThe path '/opt/homebrew/opt/qt@5' in the environment variable CMAKE_PREFIX_PATH doesn't exist[0m
[0.239s] [34mcolcon.colcon_core.event_handler.log_command[0m [1;30mDEBUG[0m [32mInvoking command in '/Users/akko/Documents/GitHub/mrs/build/diff_robot_sim': CMAKE_PREFIX_PATH=${CMAKE_PREFIX_PATH}:/Users/akko/.local/share/mamba/envs/ros_jazzy_full CONDA_PROMPT_MODIFIER=(ros_jazzy_full) SHLVL=2 _=/usr/bin/env __CF_USER_TEXT_ENCODING=0x1F5:0x0:0x0 /Users/akko/.local/share/mamba/envs/ros_jazzy_full/bin/cmake --build /Users/akko/Documents/GitHub/mrs/build/diff_robot_sim -- -j12 -l12[0m
[0.314s] [34mcolcon.colcon_core.event_handler.log_command[0m [1;30mDEBUG[0m [32mInvoked command in '/Users/akko/Documents/GitHub/mrs/build/diff_robot_sim' returned '0': CMAKE_PREFIX_PATH=${CMAKE_PREFIX_PATH}:/Users/akko/.local/share/mamba/envs/ros_jazzy_full CONDA_PROMPT_MODIFIER=(ros_jazzy_full) SHLVL=2 _=/usr/bin/env __CF_USER_TEXT_ENCODING=0x1F5:0x0:0x0 /Users/akko/.local/share/mamba/envs/ros_jazzy_full/bin/cmake --build /Users/akko/Documents/GitHub/mrs/build/diff_robot_sim -- -j12 -l12[0m
[0.362s] [34mcolcon.colcon_core.event_handler.log_command[0m [1;30mDEBUG[0m [32mInvoking command in '/Users/akko/Documents/GitHub/mrs/build/diff_robot_sim': CMAKE_PREFIX_PATH=${CMAKE_PREFIX_PATH}:/Users/akko/.local/share/mamba/envs/ros_jazzy_full CONDA_PROMPT_MODIFIER=(ros_jazzy_full) SHLVL=2 _=/usr/bin/env __CF_USER_TEXT_ENCODING=0x1F5:0x0:0x0 /Users/akko/.local/share/mamba/envs/ros_jazzy_full/bin/cmake --install /Users/akko/Documents/GitHub/mrs/build/diff_robot_sim[0m
[0.389s] [34mcolcon.colcon_core.environment[0m [1;30mLevel 1[0m create_environment_scripts_only(diff_robot_sim)
[0.389s] [34mcolcon.colcon_core.event_handler.log_command[0m [1;30mDEBUG[0m [32mInvoked command in '/Users/akko/Documents/GitHub/mrs/build/diff_robot_sim' returned '0': CMAKE_PREFIX_PATH=${CMAKE_PREFIX_PATH}:/Users/akko/.local/share/mamba/envs/ros_jazzy_full CONDA_PROMPT_MODIFIER=(ros_jazzy_full) SHLVL=2 _=/usr/bin/env __CF_USER_TEXT_ENCODING=0x1F5:0x0:0x0 /Users/akko/.local/share/mamba/envs/ros_jazzy_full/bin/cmake --install /Users/akko/Documents/GitHub/mrs/build/diff_robot_sim[0m
[0.391s] [34mcolcon.colcon_core.environment[0m [1;30mLevel 1[0m checking '/Users/akko/Documents/GitHub/mrs/install/diff_robot_sim' for CMake module files
[0.392s] [34mcolcon.colcon_core.environment[0m [1;30mLevel 1[0m checking '/Users/akko/Documents/GitHub/mrs/install/diff_robot_sim' for CMake config files
[0.392s] [34mcolcon.colcon_core.shell[0m [1;30mLevel 1[0m create_environment_hook('diff_robot_sim', 'cmake_prefix_path')
[0.392s] [34mcolcon.colcon_core.shell[0m [1;30mINFO[0m Creating environment hook '/Users/akko/Documents/GitHub/mrs/install/diff_robot_sim/share/diff_robot_sim/hook/cmake_prefix_path.ps1'
[0.393s] [34mcolcon.colcon_core.shell[0m [1;30mINFO[0m Creating environment descriptor '/Users/akko/Documents/GitHub/mrs/install/diff_robot_sim/share/diff_robot_sim/hook/cmake_prefix_path.dsv'
[0.393s] [34mcolcon.colcon_core.shell[0m [1;30mINFO[0m Creating environment hook '/Users/akko/Documents/GitHub/mrs/install/diff_robot_sim/share/diff_robot_sim/hook/cmake_prefix_path.sh'
[0.394s] [34mcolcon.colcon_core.environment[0m [1;30mLevel 1[0m checking '/Users/akko/Documents/GitHub/mrs/install/diff_robot_sim/lib'
[0.394s] [34mcolcon.colcon_core.environment[0m [1;30mLevel 1[0m checking '/Users/akko/Documents/GitHub/mrs/install/diff_robot_sim/bin'
[0.394s] [34mcolcon.colcon_core.environment[0m [1;30mLevel 1[0m checking '/Users/akko/Documents/GitHub/mrs/install/diff_robot_sim/lib/pkgconfig/diff_robot_sim.pc'
[0.394s] [34mcolcon.colcon_core.environment[0m [1;30mLevel 1[0m checking '/Users/akko/Documents/GitHub/mrs/install/diff_robot_sim/lib/python3.12/site-packages'
[0.394s] [34mcolcon.colcon_core.environment[0m [1;30mLevel 1[0m checking '/Users/akko/Documents/GitHub/mrs/install/diff_robot_sim/bin'
[0.394s] [34mcolcon.colcon_core.shell[0m [1;30mINFO[0m Creating package script '/Users/akko/Documents/GitHub/mrs/install/diff_robot_sim/share/diff_robot_sim/package.ps1'
[0.395s] [34mcolcon.colcon_core.shell[0m [1;30mINFO[0m Creating package descriptor '/Users/akko/Documents/GitHub/mrs/install/diff_robot_sim/share/diff_robot_sim/package.dsv'
[0.395s] [34mcolcon.colcon_core.shell[0m [1;30mINFO[0m Creating package script '/Users/akko/Documents/GitHub/mrs/install/diff_robot_sim/share/diff_robot_sim/package.sh'
[0.396s] [34mcolcon.colcon_core.shell[0m [1;30mINFO[0m Creating package script '/Users/akko/Documents/GitHub/mrs/install/diff_robot_sim/share/diff_robot_sim/package.bash'
[0.396s] [34mcolcon.colcon_core.shell[0m [1;30mINFO[0m Creating package script '/Users/akko/Documents/GitHub/mrs/install/diff_robot_sim/share/diff_robot_sim/package.zsh'
[0.397s] [34mcolcon.colcon_core.environment[0m [1;30mLevel 1[0m create_file_with_runtime_dependencies(/Users/akko/Documents/GitHub/mrs/install/diff_robot_sim/share/colcon-core/packages/diff_robot_sim)
[0.397s] [34mcolcon.colcon_core.environment[0m [1;30mLevel 1[0m create_environment_scripts_only(diff_robot_sim)
[0.397s] [34mcolcon.colcon_core.environment[0m [1;30mLevel 1[0m checking '/Users/akko/Documents/GitHub/mrs/install/diff_robot_sim' for CMake module files
[0.397s] [34mcolcon.colcon_core.environment[0m [1;30mLevel 1[0m checking '/Users/akko/Documents/GitHub/mrs/install/diff_robot_sim' for CMake config files
[0.397s] [34mcolcon.colcon_core.shell[0m [1;30mLevel 1[0m create_environment_hook('diff_robot_sim', 'cmake_prefix_path')
[0.397s] [34mcolcon.colcon_core.shell[0m [1;30mINFO[0m Creating environment hook '/Users/akko/Documents/GitHub/mrs/install/diff_robot_sim/share/diff_robot_sim/hook/cmake_prefix_path.ps1'
[0.398s] [34mcolcon.colcon_core.shell[0m [1;30mINFO[0m Creating environment descriptor '/Users/akko/Documents/GitHub/mrs/install/diff_robot_sim/share/diff_robot_sim/hook/cmake_prefix_path.dsv'
[0.398s] [34mcolcon.colcon_core.shell[0m [1;30mINFO[0m Creating environment hook '/Users/akko/Documents/GitHub/mrs/install/diff_robot_sim/share/diff_robot_sim/hook/cmake_prefix_path.sh'
[0.398s] [34mcolcon.colcon_core.environment[0m [1;30mLevel 1[0m checking '/Users/akko/Documents/GitHub/mrs/install/diff_robot_sim/lib'
[0.398s] [34mcolcon.colcon_core.environment[0m [1;30mLevel 1[0m checking '/Users/akko/Documents/GitHub/mrs/install/diff_robot_sim/bin'
[0.398s] [34mcolcon.colcon_core.environment[0m [1;30mLevel 1[0m checking '/Users/akko/Documents/GitHub/mrs/install/diff_robot_sim/lib/pkgconfig/diff_robot_sim.pc'
[0.398s] [34mcolcon.colcon_core.environment[0m [1;30mLevel 1[0m checking '/Users/akko/Documents/GitHub/mrs/install/diff_robot_sim/lib/python3.12/site-packages'
[0.398s] [34mcolcon.colcon_core.environment[0m [1;30mLevel 1[0m checking '/Users/akko/Documents/GitHub/mrs/install/diff_robot_sim/bin'
[0.398s] [34mcolcon.colcon_core.shell[0m [1;30mINFO[0m Creating package script '/Users/akko/Documents/GitHub/mrs/install/diff_robot_sim/share/diff_robot_sim/package.ps1'
[0.399s] [34mcolcon.colcon_core.shell[0m [1;30mINFO[0m Creating package descriptor '/Users/akko/Documents/GitHub/mrs/install/diff_robot_sim/share/diff_robot_sim/package.dsv'
[0.399s] [34mcolcon.colcon_core.shell[0m [1;30mINFO[0m Creating package script '/Users/akko/Documents/GitHub/mrs/install/diff_robot_sim/share/diff_robot_sim/package.sh'
[0.399s] [34mcolcon.colcon_core.shell[0m [1;30mINFO[0m Creating package script '/Users/akko/Documents/GitHub/mrs/install/diff_robot_sim/share/diff_robot_sim/package.bash'
[0.399s] [34mcolcon.colcon_core.shell[0m [1;30mINFO[0m Creating package script '/Users/akko/Documents/GitHub/mrs/install/diff_robot_sim/share/diff_robot_sim/package.zsh'
[0.399s] [34mcolcon.colcon_core.environment[0m [1;30mLevel 1[0m create_file_with_runtime_dependencies(/Users/akko/Documents/GitHub/mrs/install/diff_robot_sim/share/colcon-core/packages/diff_robot_sim)
[0.400s] [34mcolcon.colcon_parallel_executor.executor.parallel[0m [1;30mDEBUG[0m [32mclosing loop[0m
[0.400s] [34mcolcon.colcon_parallel_executor.executor.parallel[0m [1;30mDEBUG[0m [32mloop closed[0m
[0.400s] [34mcolcon.colcon_parallel_executor.executor.parallel[0m [1;30mDEBUG[0m [32mrun_until_complete finished with '0'[0m
[0.400s] [34mcolcon.colcon_core.event_reactor[0m [1;30mDEBUG[0m [32mjoining thread[0m
[0.400s] [34mcolcon.colcon_core.event_reactor[0m [1;30mDEBUG[0m [32mjoined thread[0m
[0.400s] [34mcolcon.colcon_core.shell[0m [1;30mINFO[0m Creating prefix script '/Users/akko/Documents/GitHub/mrs/install/local_setup.ps1'
[0.401s] [34mcolcon.colcon_core.shell[0m [1;30mINFO[0m Creating prefix util module '/Users/akko/Documents/GitHub/mrs/install/_local_setup_util_ps1.py'
[0.401s] [34mcolcon.colcon_core.shell[0m [1;30mINFO[0m Creating prefix chain script '/Users/akko/Documents/GitHub/mrs/install/setup.ps1'
[0.402s] [34mcolcon.colcon_core.shell[0m [1;30mINFO[0m Creating prefix script '/Users/akko/Documents/GitHub/mrs/install/local_setup.sh'
[0.403s] [34mcolcon.colcon_core.shell[0m [1;30mINFO[0m Creating prefix util module '/Users/akko/Documents/GitHub/mrs/install/_local_setup_util_sh.py'
[0.403s] [34mcolcon.colcon_core.shell[0m [1;30mINFO[0m Creating prefix chain script '/Users/akko/Documents/GitHub/mrs/install/setup.sh'
[0.404s] [34mcolcon.colcon_core.shell[0m [1;30mINFO[0m Creating prefix script '/Users/akko/Documents/GitHub/mrs/install/local_setup.bash'
[0.404s] [34mcolcon.colcon_core.shell[0m [1;30mINFO[0m Creating prefix chain script '/Users/akko/Documents/GitHub/mrs/install/setup.bash'
[0.405s] [34mcolcon.colcon_core.shell[0m [1;30mINFO[0m Creating prefix script '/Users/akko/Documents/GitHub/mrs/install/local_setup.zsh'
[0.405s] [34mcolcon.colcon_core.shell[0m [1;30mINFO[0m Creating prefix chain script '/Users/akko/Documents/GitHub/mrs/install/setup.zsh'
