[0.014s] Invoking command in '/Users/akko/Documents/GitHub/mrs/build/diff_robot_sim': CMAKE_PREFIX_PATH=${CMAKE_PREFIX_PATH}:/Users/akko/.local/share/mamba/envs/ros_jazzy_full CONDA_PROMPT_MODIFIER=(ros_jazzy_full) SHLVL=2 _=/usr/bin/env __CF_USER_TEXT_ENCODING=0x1F5:0x0:0x0 /Users/akko/.local/share/mamba/envs/ros_jazzy_full/bin/cmake /Users/akko/Documents/GitHub/mrs/src/diff_robot_sim -DAMENT_CMAKE_SYMLINK_INSTALL=1 -DCMAKE_INSTALL_PREFIX=/Users/akko/Documents/GitHub/mrs/install/diff_robot_sim
[0.537s] -- Found ament_cmake: 2.5.4 (/Users/akko/.local/share/mamba/envs/ros_jazzy_full/share/ament_cmake/cmake)
[0.653s] -- Override CMake install command with custom implementation using symlinks instead of copying resources
[0.672s] -- Found ament_lint_auto: 0.17.2 (/Users/akko/.local/share/mamba/envs/ros_jazzy_full/share/ament_lint_auto/cmake)
[0.720s] -- Configuring done (0.2s)
[0.729s] -- Generating done (0.0s)
[0.731s] -- Build files have been written to: /Users/akko/Documents/GitHub/mrs/build/diff_robot_sim
[0.733s] Invoked command in '/Users/akko/Documents/GitHub/mrs/build/diff_robot_sim' returned '0': CMAKE_PREFIX_PATH=${CMAKE_PREFIX_PATH}:/Users/akko/.local/share/mamba/envs/ros_jazzy_full CONDA_PROMPT_MODIFIER=(ros_jazzy_full) SHLVL=2 _=/usr/bin/env __CF_USER_TEXT_ENCODING=0x1F5:0x0:0x0 /Users/akko/.local/share/mamba/envs/ros_jazzy_full/bin/cmake /Users/akko/Documents/GitHub/mrs/src/diff_robot_sim -DAMENT_CMAKE_SYMLINK_INSTALL=1 -DCMAKE_INSTALL_PREFIX=/Users/akko/Documents/GitHub/mrs/install/diff_robot_sim
[0.734s] Invoking command in '/Users/akko/Documents/GitHub/mrs/build/diff_robot_sim': CMAKE_PREFIX_PATH=${CMAKE_PREFIX_PATH}:/Users/akko/.local/share/mamba/envs/ros_jazzy_full CONDA_PROMPT_MODIFIER=(ros_jazzy_full) SHLVL=2 _=/usr/bin/env __CF_USER_TEXT_ENCODING=0x1F5:0x0:0x0 /Users/akko/.local/share/mamba/envs/ros_jazzy_full/bin/cmake --build /Users/akko/Documents/GitHub/mrs/build/diff_robot_sim -- -j12 -l12
[1.602s] Invoked command in '/Users/akko/Documents/GitHub/mrs/build/diff_robot_sim' returned '0': CMAKE_PREFIX_PATH=${CMAKE_PREFIX_PATH}:/Users/akko/.local/share/mamba/envs/ros_jazzy_full CONDA_PROMPT_MODIFIER=(ros_jazzy_full) SHLVL=2 _=/usr/bin/env __CF_USER_TEXT_ENCODING=0x1F5:0x0:0x0 /Users/akko/.local/share/mamba/envs/ros_jazzy_full/bin/cmake --build /Users/akko/Documents/GitHub/mrs/build/diff_robot_sim -- -j12 -l12
[1.643s] Invoking command in '/Users/akko/Documents/GitHub/mrs/build/diff_robot_sim': CMAKE_PREFIX_PATH=${CMAKE_PREFIX_PATH}:/Users/akko/.local/share/mamba/envs/ros_jazzy_full CONDA_PROMPT_MODIFIER=(ros_jazzy_full) SHLVL=2 _=/usr/bin/env __CF_USER_TEXT_ENCODING=0x1F5:0x0:0x0 /Users/akko/.local/share/mamba/envs/ros_jazzy_full/bin/cmake --install /Users/akko/Documents/GitHub/mrs/build/diff_robot_sim
[1.653s] -- Install configuration: ""
[1.653s] -- Execute custom install script
[1.653s] -- Up-to-date symlink: /Users/akko/Documents/GitHub/mrs/install/diff_robot_sim/share/diff_robot_sim/launch/full_pipeline.launch.py
[1.654s] -- Up-to-date symlink: /Users/akko/Documents/GitHub/mrs/install/diff_robot_sim/share/diff_robot_sim/launch/nav2_launch.py
[1.654s] -- Up-to-date symlink: /Users/akko/Documents/GitHub/mrs/install/diff_robot_sim/share/diff_robot_sim/launch/sim_launch.py
[1.654s] -- Up-to-date symlink: /Users/akko/Documents/GitHub/mrs/install/diff_robot_sim/share/diff_robot_sim/launch/slam_launch.py
[1.654s] -- Up-to-date symlink: /Users/akko/Documents/GitHub/mrs/install/diff_robot_sim/share/diff_robot_sim/models/.DS_Store
[1.654s] -- Up-to-date symlink: /Users/akko/Documents/GitHub/mrs/install/diff_robot_sim/share/diff_robot_sim/models/diff_robot/model.config
[1.654s] -- Up-to-date symlink: /Users/akko/Documents/GitHub/mrs/install/diff_robot_sim/share/diff_robot_sim/models/diff_robot/model.sdf
[1.654s] -- Up-to-date symlink: /Users/akko/Documents/GitHub/mrs/install/diff_robot_sim/share/diff_robot_sim/worlds/factory.world
[1.654s] -- Up-to-date symlink: /Users/akko/Documents/GitHub/mrs/install/diff_robot_sim/share/diff_robot_sim/worlds/main.world
[1.655s] -- Up-to-date symlink: /Users/akko/Documents/GitHub/mrs/install/diff_robot_sim/share/diff_robot_sim/worlds/room.world
[1.655s] -- Up-to-date symlink: /Users/akko/Documents/GitHub/mrs/install/diff_robot_sim/share/diff_robot_sim/worlds/room_min.world
[1.655s] -- Up-to-date symlink: /Users/akko/Documents/GitHub/mrs/install/diff_robot_sim/share/diff_robot_sim/config/mapper_params_online_async.yaml
[1.655s] -- Up-to-date symlink: /Users/akko/Documents/GitHub/mrs/install/diff_robot_sim/share/diff_robot_sim/config/nav2_params.yaml
[1.655s] -- Up-to-date symlink: /Users/akko/Documents/GitHub/mrs/install/diff_robot_sim/lib/diff_robot_sim/odom_tf_broadcaster.py
[1.655s] -- Up-to-date symlink: /Users/akko/Documents/GitHub/mrs/install/diff_robot_sim/share/ament_index/resource_index/package_run_dependencies/diff_robot_sim
[1.655s] -- Up-to-date symlink: /Users/akko/Documents/GitHub/mrs/install/diff_robot_sim/share/ament_index/resource_index/parent_prefix_path/diff_robot_sim
[1.655s] -- Up-to-date symlink: /Users/akko/Documents/GitHub/mrs/install/diff_robot_sim/share/diff_robot_sim/environment/ament_prefix_path.sh
[1.656s] -- Up-to-date symlink: /Users/akko/Documents/GitHub/mrs/install/diff_robot_sim/share/diff_robot_sim/environment/ament_prefix_path.dsv
[1.656s] -- Up-to-date symlink: /Users/akko/Documents/GitHub/mrs/install/diff_robot_sim/share/diff_robot_sim/environment/path.sh
[1.656s] -- Up-to-date symlink: /Users/akko/Documents/GitHub/mrs/install/diff_robot_sim/share/diff_robot_sim/environment/path.dsv
[1.656s] -- Up-to-date symlink: /Users/akko/Documents/GitHub/mrs/install/diff_robot_sim/share/diff_robot_sim/local_setup.bash
[1.656s] -- Up-to-date symlink: /Users/akko/Documents/GitHub/mrs/install/diff_robot_sim/share/diff_robot_sim/local_setup.sh
[1.656s] -- Up-to-date symlink: /Users/akko/Documents/GitHub/mrs/install/diff_robot_sim/share/diff_robot_sim/local_setup.zsh
[1.656s] -- Up-to-date symlink: /Users/akko/Documents/GitHub/mrs/install/diff_robot_sim/share/diff_robot_sim/local_setup.dsv
[1.656s] -- Symlinking: /Users/akko/Documents/GitHub/mrs/install/diff_robot_sim/share/diff_robot_sim/package.dsv
[1.666s] -- Up-to-date symlink: /Users/akko/Documents/GitHub/mrs/install/diff_robot_sim/share/ament_index/resource_index/packages/diff_robot_sim
[1.666s] -- Up-to-date symlink: /Users/akko/Documents/GitHub/mrs/install/diff_robot_sim/share/diff_robot_sim/cmake/diff_robot_simConfig.cmake
[1.666s] -- Up-to-date symlink: /Users/akko/Documents/GitHub/mrs/install/diff_robot_sim/share/diff_robot_sim/cmake/diff_robot_simConfig-version.cmake
[1.666s] -- Up-to-date symlink: /Users/akko/Documents/GitHub/mrs/install/diff_robot_sim/share/diff_robot_sim/package.xml
[1.667s] Invoked command in '/Users/akko/Documents/GitHub/mrs/build/diff_robot_sim' returned '0': CMAKE_PREFIX_PATH=${CMAKE_PREFIX_PATH}:/Users/akko/.local/share/mamba/envs/ros_jazzy_full CONDA_PROMPT_MODIFIER=(ros_jazzy_full) SHLVL=2 _=/usr/bin/env __CF_USER_TEXT_ENCODING=0x1F5:0x0:0x0 /Users/akko/.local/share/mamba/envs/ros_jazzy_full/bin/cmake --install /Users/akko/Documents/GitHub/mrs/build/diff_robot_sim
