[0.018s] Invoking command in '/Users/akko/Documents/GitHub/mrs/build/diff_robot_sim': CMAKE_PREFIX_PATH=${CMAKE_PREFIX_PATH}:/Users/akko/.local/share/mamba/envs/ros_jazzy_full CONDA_PROMPT_MODIFIER=(ros_jazzy_full) SHLVL=2 _=/usr/bin/env __CF_USER_TEXT_ENCODING=0x1F5:0x0:0x0 /Users/akko/.local/share/mamba/envs/ros_jazzy_full/bin/cmake --build /Users/akko/Documents/GitHub/mrs/build/diff_robot_sim -- -j12 -l12
[0.125s] -- Found ament_cmake: 2.5.4 (/Users/akko/.local/share/mamba/envs/ros_jazzy_full/share/ament_cmake/cmake)
[0.247s] -- Override CMake install command with custom implementation using symlinks instead of copying resources
[0.265s] -- Found ament_lint_auto: 0.17.2 (/Users/akko/.local/share/mamba/envs/ros_jazzy_full/share/ament_lint_auto/cmake)
[0.312s] -- Configuring done (0.2s)
[0.322s] -- Generating done (0.0s)
[0.324s] -- Build files have been written to: /Users/akko/Documents/GitHub/mrs/build/diff_robot_sim
[0.345s] Invoked command in '/Users/akko/Documents/GitHub/mrs/build/diff_robot_sim' returned '0': CMAKE_PREFIX_PATH=${CMAKE_PREFIX_PATH}:/Users/akko/.local/share/mamba/envs/ros_jazzy_full CONDA_PROMPT_MODIFIER=(ros_jazzy_full) SHLVL=2 _=/usr/bin/env __CF_USER_TEXT_ENCODING=0x1F5:0x0:0x0 /Users/akko/.local/share/mamba/envs/ros_jazzy_full/bin/cmake --build /Users/akko/Documents/GitHub/mrs/build/diff_robot_sim -- -j12 -l12
[0.387s] Invoking command in '/Users/akko/Documents/GitHub/mrs/build/diff_robot_sim': CMAKE_PREFIX_PATH=${CMAKE_PREFIX_PATH}:/Users/akko/.local/share/mamba/envs/ros_jazzy_full CONDA_PROMPT_MODIFIER=(ros_jazzy_full) SHLVL=2 _=/usr/bin/env __CF_USER_TEXT_ENCODING=0x1F5:0x0:0x0 /Users/akko/.local/share/mamba/envs/ros_jazzy_full/bin/cmake --install /Users/akko/Documents/GitHub/mrs/build/diff_robot_sim
[0.397s] -- Install configuration: ""
[0.397s] -- Execute custom install script
[0.397s] -- Up-to-date symlink: /Users/akko/Documents/GitHub/mrs/install/diff_robot_sim/share/diff_robot_sim/launch/full_pipeline.launch.py
[0.397s] -- Up-to-date symlink: /Users/akko/Documents/GitHub/mrs/install/diff_robot_sim/share/diff_robot_sim/launch/nav2_launch.py
[0.397s] -- Up-to-date symlink: /Users/akko/Documents/GitHub/mrs/install/diff_robot_sim/share/diff_robot_sim/launch/sim_launch.py
[0.398s] -- Up-to-date symlink: /Users/akko/Documents/GitHub/mrs/install/diff_robot_sim/share/diff_robot_sim/launch/slam_launch.py
[0.398s] -- Up-to-date symlink: /Users/akko/Documents/GitHub/mrs/install/diff_robot_sim/share/diff_robot_sim/models/.DS_Store
[0.398s] -- Up-to-date symlink: /Users/akko/Documents/GitHub/mrs/install/diff_robot_sim/share/diff_robot_sim/models/diff_robot/model.config
[0.398s] -- Up-to-date symlink: /Users/akko/Documents/GitHub/mrs/install/diff_robot_sim/share/diff_robot_sim/models/diff_robot/model.sdf
[0.398s] -- Up-to-date symlink: /Users/akko/Documents/GitHub/mrs/install/diff_robot_sim/share/diff_robot_sim/worlds/factory.world
[0.398s] -- Up-to-date symlink: /Users/akko/Documents/GitHub/mrs/install/diff_robot_sim/share/diff_robot_sim/worlds/main.world
[0.398s] -- Up-to-date symlink: /Users/akko/Documents/GitHub/mrs/install/diff_robot_sim/share/diff_robot_sim/worlds/room.world
[0.398s] -- Up-to-date symlink: /Users/akko/Documents/GitHub/mrs/install/diff_robot_sim/share/diff_robot_sim/worlds/room_min.world
[0.399s] -- Up-to-date symlink: /Users/akko/Documents/GitHub/mrs/install/diff_robot_sim/share/diff_robot_sim/config/mapper_params_online_async.yaml
[0.399s] -- Up-to-date symlink: /Users/akko/Documents/GitHub/mrs/install/diff_robot_sim/share/diff_robot_sim/config/nav2_params.yaml
[0.399s] -- Up-to-date symlink: /Users/akko/Documents/GitHub/mrs/install/diff_robot_sim/share/diff_robot_sim/config/slam.rviz
[0.399s] -- Up-to-date symlink: /Users/akko/Documents/GitHub/mrs/install/diff_robot_sim/share/diff_robot_sim/config/slam_toolbox.yaml
[0.399s] -- Up-to-date symlink: /Users/akko/Documents/GitHub/mrs/install/diff_robot_sim/lib/diff_robot_sim/odom_tf_broadcaster.py
[0.399s] -- Up-to-date symlink: /Users/akko/Documents/GitHub/mrs/install/diff_robot_sim/lib/diff_robot_sim/diagnostics_check.py
[0.399s] -- Up-to-date symlink: /Users/akko/Documents/GitHub/mrs/install/diff_robot_sim/lib/diff_robot_sim/wasd_teleop.py
[0.399s] -- Symlinking: /Users/akko/Documents/GitHub/mrs/install/diff_robot_sim/lib/diff_robot_sim/frontier_explorer.py
[0.408s] -- Up-to-date symlink: /Users/akko/Documents/GitHub/mrs/install/diff_robot_sim/share/ament_index/resource_index/package_run_dependencies/diff_robot_sim
[0.408s] -- Up-to-date symlink: /Users/akko/Documents/GitHub/mrs/install/diff_robot_sim/share/ament_index/resource_index/parent_prefix_path/diff_robot_sim
[0.408s] -- Up-to-date symlink: /Users/akko/Documents/GitHub/mrs/install/diff_robot_sim/share/diff_robot_sim/environment/ament_prefix_path.sh
[0.408s] -- Up-to-date symlink: /Users/akko/Documents/GitHub/mrs/install/diff_robot_sim/share/diff_robot_sim/environment/ament_prefix_path.dsv
[0.408s] -- Up-to-date symlink: /Users/akko/Documents/GitHub/mrs/install/diff_robot_sim/share/diff_robot_sim/environment/path.sh
[0.408s] -- Up-to-date symlink: /Users/akko/Documents/GitHub/mrs/install/diff_robot_sim/share/diff_robot_sim/environment/path.dsv
[0.408s] -- Up-to-date symlink: /Users/akko/Documents/GitHub/mrs/install/diff_robot_sim/share/diff_robot_sim/local_setup.bash
[0.408s] -- Up-to-date symlink: /Users/akko/Documents/GitHub/mrs/install/diff_robot_sim/share/diff_robot_sim/local_setup.sh
[0.408s] -- Up-to-date symlink: /Users/akko/Documents/GitHub/mrs/install/diff_robot_sim/share/diff_robot_sim/local_setup.zsh
[0.408s] -- Up-to-date symlink: /Users/akko/Documents/GitHub/mrs/install/diff_robot_sim/share/diff_robot_sim/local_setup.dsv
[0.409s] -- Symlinking: /Users/akko/Documents/GitHub/mrs/install/diff_robot_sim/share/diff_robot_sim/package.dsv
[0.417s] -- Up-to-date symlink: /Users/akko/Documents/GitHub/mrs/install/diff_robot_sim/share/ament_index/resource_index/packages/diff_robot_sim
[0.417s] -- Up-to-date symlink: /Users/akko/Documents/GitHub/mrs/install/diff_robot_sim/share/diff_robot_sim/cmake/diff_robot_simConfig.cmake
[0.417s] -- Up-to-date symlink: /Users/akko/Documents/GitHub/mrs/install/diff_robot_sim/share/diff_robot_sim/cmake/diff_robot_simConfig-version.cmake
[0.417s] -- Up-to-date symlink: /Users/akko/Documents/GitHub/mrs/install/diff_robot_sim/share/diff_robot_sim/package.xml
[0.418s] Invoked command in '/Users/akko/Documents/GitHub/mrs/build/diff_robot_sim' returned '0': CMAKE_PREFIX_PATH=${CMAKE_PREFIX_PATH}:/Users/akko/.local/share/mamba/envs/ros_jazzy_full CONDA_PROMPT_MODIFIER=(ros_jazzy_full) SHLVL=2 _=/usr/bin/env __CF_USER_TEXT_ENCODING=0x1F5:0x0:0x0 /Users/akko/.local/share/mamba/envs/ros_jazzy_full/bin/cmake --install /Users/akko/Documents/GitHub/mrs/build/diff_robot_sim
